{"meta": {"format": 3, "version": "7.13.5", "timestamp": "2026-04-01T22:14:26.901733", "branch_coverage": true, "show_contexts": false}, "files": {"accounts\\__init__.py": {"executed_lines": [], "summary": {"covered_lines": 0, "num_statements": 0, "percent_covered": 100.0, "percent_covered_display": "100.00", "missing_lines": 0, "excluded_lines": 0, "percent_statements_covered": 100.0, "percent_statements_covered_display": "100.00", "num_branches": 0, "num_partial_branches": 0, "covered_branches": 0, "missing_branches": 0, "percent_branches_covered": 100.0, "percent_branches_covered_display": "100.00"}, "missing_lines": [], "excluded_lines": [], "executed_branches": [], "missing_branches": [], "functions": {"": {"executed_lines": [], "summary": {"covered_lines": 0, "num_statements": 0, "percent_covered": 100.0, "percent_covered_display": "100.00", "missing_lines": 0, "excluded_lines": 0, "percent_statements_covered": 100.0, "percent_statements_covered_display": "100.00", "num_branches": 0, "num_partial_branches": 0, "covered_branches": 0, "missing_branches": 0, "percent_branches_covered": 100.0, "percent_branches_covered_display": "100.00"}, "missing_lines": [], "excluded_lines": [], "start_line": 1, "executed_branches": [], "missing_branches": []}}, "classes": {"": {"executed_lines": [], "summary": {"covered_lines": 0, "num_statements": 0, "percent_covered": 100.0, "percent_covered_display": "100.00", "missing_lines": 0, "excluded_lines": 0, "percent_statements_covered": 100.0, "percent_statements_covered_display": "100.00", "num_branches": 0, "num_partial_branches": 0, "covered_branches": 0, "missing_branches": 0, "percent_branches_covered": 100.0, "percent_branches_covered_display": "100.00"}, "missing_lines": [], "excluded_lines": [], "start_line": 1, "executed_branches": [], "missing_branches": []}}}, "accounts\\middleware.py": {"executed_lines": [1, 3, 5, 8, 24, 26, 34, 37, 39, 41, 42, 43], "summary": {"covered_lines": 12, "num_statements": 12, "percent_covered": 100.0, "percent_covered_display": "100.00", "missing_lines": 0, "excluded_lines": 0, "percent_statements_covered": 100.0, "percent_statements_covered_display": "100.00", "num_branches": 2, "num_partial_branches": 0, "covered_branches": 2, "missing_branches": 0, "percent_branches_covered": 100.0, "percent_branches_covered_display": "100.00"}, "missing_lines": [], "excluded_lines": [], "executed_branches": [[41, 42], [41, 43]], "missing_branches": [], "functions": {"RequestLoggingMiddleware.process_request": {"executed_lines": [26, 34, 37], "summary": {"covered_lines": 3, "num_statements": 3, "percent_covered": 100.0, "percent_covered_display": "100.00", "missing_lines": 0, "excluded_lines": 0, "percent_statements_covered": 100.0, "percent_statements_covered_display": "100.00", "num_branches": 0, "num_partial_branches": 0, "covered_branches": 0, "missing_branches": 0, "percent_branches_covered": 100.0, "percent_branches_covered_display": "100.00"}, "missing_lines": [], "excluded_lines": [], "start_line": 24, "executed_branches": [], "missing_branches": []}, "RequestLoggingMiddleware.process_response": {"executed_lines": [41, 42, 43], "summary": {"covered_lines": 3, "num_statements": 3, "percent_covered": 100.0, "percent_covered_display": "100.00", "missing_lines": 0, "excluded_lines": 0, "percent_statements_covered": 100.0, "percent_statements_covered_display": "100.00", "num_branches": 2, "num_partial_branches": 0, "covered_branches": 2, "missing_branches": 0, "percent_branches_covered": 100.0, "percent_branches_covered_display": "100.00"}, "missing_lines": [], "excluded_lines": [], "start_line": 39, "executed_branches": [[41, 42], [41, 43]], "missing_branches": []}, "": {"executed_lines": [1, 3, 5, 8, 24, 39], "summary": {"covered_lines": 6, "num_statements": 6, "percent_covered": 100.0, "percent_covered_display": "100.00", "missing_lines": 0, "excluded_lines": 0, "percent_statements_covered": 100.0, "percent_statements_covered_display": "100.00", "num_branches": 0, "num_partial_branches": 0, "covered_branches": 0, "missing_branches": 0, "percent_branches_covered": 100.0, "percent_branches_covered_display": "100.00"}, "missing_lines": [], "excluded_lines": [], "start_line": 1, "executed_branches": [], "missing_branches": []}}, "classes": {"RequestLoggingMiddleware": {"executed_lines": [26, 34, 37, 41, 42, 43], "summary": {"covered_lines": 6, "num_statements": 6, "percent_covered": 100.0, "percent_covered_display": "100.00", "missing_lines": 0, "excluded_lines": 0, "percent_statements_covered": 100.0, "percent_statements_covered_display": "100.00", "num_branches": 2, "num_partial_branches": 0, "covered_branches": 2, "missing_branches": 0, "percent_branches_covered": 100.0, "percent_branches_covered_display": "100.00"}, "missing_lines": [], "excluded_lines": [], "start_line": 8, "executed_branches": [[41, 42], [41, 43]], "missing_branches": []}, "": {"executed_lines": [1, 3, 5, 8, 24, 39], "summary": {"covered_lines": 6, "num_statements": 6, "percent_covered": 100.0, "percent_covered_display": "100.00", "missing_lines": 0, "excluded_lines": 0, "percent_statements_covered": 100.0, "percent_statements_covered_display": "100.00", "num_branches": 0, "num_partial_branches": 0, "covered_branches": 0, "missing_branches": 0, "percent_branches_covered": 100.0, "percent_branches_covered_display": "100.00"}, "missing_lines": [], "excluded_lines": [], "start_line": 1, "executed_branches": [], "missing_branches": []}}}, "accounts\\models.py": {"executed_lines": [1, 2, 3, 6, 9, 10, 12, 13, 15, 20, 23, 26, 29, 30, 31, 32, 34, 37, 38, 40], "summary": {"covered_lines": 20, "num_statements": 21, "percent_covered": 95.23809523809524, "percent_covered_display": "95.24", "missing_lines": 1, "excluded_lines": 0, "percent_statements_covered": 95.23809523809524, "percent_statements_covered_display": "95.24", "num_branches": 0, "num_partial_branches": 0, "covered_branches": 0, "missing_branches": 0, "percent_branches_covered": 100.0, "percent_branches_covered_display": "100.00"}, "missing_lines": [35], "excluded_lines": [], "executed_branches": [], "missing_branches": [], "functions": {"PasswordResetCode.__str__": {"executed_lines": [], "summary": {"covered_lines": 0, "num_statements": 1, "percent_covered": 0.0, "percent_covered_display": "0.00", "missing_lines": 1, "excluded_lines": 0, "percent_statements_covered": 0.0, "percent_statements_covered_display": "0.00", "num_branches": 0, "num_partial_branches": 0, "covered_branches": 0, "missing_branches": 0, "percent_branches_covered": 100.0, "percent_branches_covered_display": "100.00"}, "missing_lines": [35], "excluded_lines": [], "start_line": 34, "executed_branches": [], "missing_branches": []}, "PasswordResetCode.is_expired": {"executed_lines": [40], "summary": {"covered_lines": 1, "num_statements": 1, "percent_covered": 100.0, "percent_covered_display": "100.00", "missing_lines": 0, "excluded_lines": 0, "percent_statements_covered": 100.0, "percent_statements_covered_display": "100.00", "num_branches": 0, "num_partial_branches": 0, "covered_branches": 0, "missing_branches": 0, "percent_branches_covered": 100.0, "percent_branches_covered_display": "100.00"}, "missing_lines": [], "excluded_lines": [], "start_line": 38, "executed_branches": [], "missing_branches": []}, "": {"executed_lines": [1, 2, 3, 6, 9, 10, 12, 13, 15, 20, 23, 26, 29, 30, 31, 32, 34, 37, 38], "summary": {"covered_lines": 19, "num_statements": 19, "percent_covered": 100.0, "percent_covered_display": "100.00", "missing_lines": 0, "excluded_lines": 0, "percent_statements_covered": 100.0, "percent_statements_covered_display": "100.00", "num_branches": 0, "num_partial_branches": 0, "covered_branches": 0, "missing_branches": 0, "percent_branches_covered": 100.0, "percent_branches_covered_display": "100.00"}, "missing_lines": [], "excluded_lines": [], "start_line": 1, "executed_branches": [], "missing_branches": []}}, "classes": {"User": {"executed_lines": [], "summary": {"covered_lines": 0, "num_statements": 0, "percent_covered": 100.0, "percent_covered_display": "100.00", "missing_lines": 0, "excluded_lines": 0, "percent_statements_covered": 100.0, "percent_statements_covered_display": "100.00", "num_branches": 0, "num_partial_branches": 0, "covered_branches": 0, "missing_branches": 0, "percent_branches_covered": 100.0, "percent_branches_covered_display": "100.00"}, "missing_lines": [], "excluded_lines": [], "start_line": 6, "executed_branches": [], "missing_branches": []}, "PasswordResetCode": {"executed_lines": [40], "summary": {"covered_lines": 1, "num_statements": 2, "percent_covered": 50.0, "percent_covered_display": "50.00", "missing_lines": 1, "excluded_lines": 0, "percent_statements_covered": 50.0, "percent_statements_covered_display": "50.00", "num_branches": 0, "num_partial_branches": 0, "covered_branches": 0, "missing_branches": 0, "percent_branches_covered": 100.0, "percent_branches_covered_display": "100.00"}, "missing_lines": [35], "excluded_lines": [], "start_line": 23, "executed_branches": [], "missing_branches": []}, "": {"executed_lines": [1, 2, 3, 6, 9, 10, 12, 13, 15, 20, 23, 26, 29, 30, 31, 32, 34, 37, 38], "summary": {"covered_lines": 19, "num_statements": 19, "percent_covered": 100.0, "percent_covered_display": "100.00", "missing_lines": 0, "excluded_lines": 0, "percent_statements_covered": 100.0, "percent_statements_covered_display": "100.00", "num_branches": 0, "num_partial_branches": 0, "covered_branches": 0, "missing_branches": 0, "percent_branches_covered": 100.0, "percent_branches_covered_display": "100.00"}, "missing_lines": [], "excluded_lines": [], "start_line": 1, "executed_branches": [], "missing_branches": []}}}, "accounts\\permissions.py": {"executed_lines": [1, 4, 12, 14, 18, 19, 22, 25, 32, 34, 35], "summary": {"covered_lines": 11, "num_statements": 13, "percent_covered": 78.94736842105263, "percent_covered_display": "78.95", "missing_lines": 2, "excluded_lines": 0, "percent_statements_covered": 84.61538461538461, "percent_statements_covered_display": "84.62", "num_branches": 6, "num_partial_branches": 2, "covered_branches": 4, "missing_branches": 2, "percent_branches_covered": 66.66666666666667, "percent_branches_covered_display": "66.67"}, "missing_lines": [15, 38], "excluded_lines": [], "executed_branches": [[14, 18], [18, 19], [18, 22], [34, 35]], "missing_branches": [[14, 15], [34, 38]], "functions": {"IsStaffOrReadOnly.has_permission": {"executed_lines": [14, 18, 19, 22], "summary": {"covered_lines": 4, "num_statements": 5, "percent_covered": 77.77777777777777, "percent_covered_display": "77.78", "missing_lines": 1, "excluded_lines": 0, "percent_statements_covered": 80.0, "percent_statements_covered_display": "80.00", "num_branches": 4, "num_partial_branches": 1, "covered_branches": 3, "missing_branches": 1, "percent_branches_covered": 75.0, "percent_branches_covered_display": "75.00"}, "missing_lines": [15], "excluded_lines": [], "start_line": 12, "executed_branches": [[14, 18], [18, 19], [18, 22]], "missing_branches": [[14, 15]]}, "AllowAnonymousCreate.has_permission": {"executed_lines": [34, 35], "summary": {"covered_lines": 2, "num_statements": 3, "percent_covered": 60.0, "percent_covered_display": "60.00", "missing_lines": 1, "excluded_lines": 0, "percent_statements_covered": 66.66666666666667, "percent_statements_covered_display": "66.67", "num_branches": 2, "num_partial_branches": 1, "covered_branches": 1, "missing_branches": 1, "percent_branches_covered": 50.0, "percent_branches_covered_display": "50.00"}, "missing_lines": [38], "excluded_lines": [], "start_line": 32, "executed_branches": [[34, 35]], "missing_branches": [[34, 38]]}, "": {"executed_lines": [1, 4, 12, 25, 32], "summary": {"covered_lines": 5, "num_statements": 5, "percent_covered": 100.0, "percent_covered_display": "100.00", "missing_lines": 0, "excluded_lines": 0, "percent_statements_covered": 100.0, "percent_statements_covered_display": "100.00", "num_branches": 0, "num_partial_branches": 0, "covered_branches": 0, "missing_branches": 0, "percent_branches_covered": 100.0, "percent_branches_covered_display": "100.00"}, "missing_lines": [], "excluded_lines": [], "start_line": 1, "executed_branches": [], "missing_branches": []}}, "classes": {"IsStaffOrReadOnly": {"executed_lines": [14, 18, 19, 22], "summary": {"covered_lines": 4, "num_statements": 5, "percent_covered": 77.77777777777777, "percent_covered_display": "77.78", "missing_lines": 1, "excluded_lines": 0, "percent_statements_covered": 80.0, "percent_statements_covered_display": "80.00", "num_branches": 4, "num_partial_branches": 1, "covered_branches": 3, "missing_branches": 1, "percent_branches_covered": 75.0, "percent_branches_covered_display": "75.00"}, "missing_lines": [15], "excluded_lines": [], "start_line": 4, "executed_branches": [[14, 18], [18, 19], [18, 22]], "missing_branches": [[14, 15]]}, "AllowAnonymousCreate": {"executed_lines": [34, 35], "summary": {"covered_lines": 2, "num_statements": 3, "percent_covered": 60.0, "percent_covered_display": "60.00", "missing_lines": 1, "excluded_lines": 0, "percent_statements_covered": 66.66666666666667, "percent_statements_covered_display": "66.67", "num_branches": 2, "num_partial_branches": 1, "covered_branches": 1, "missing_branches": 1, "percent_branches_covered": 50.0, "percent_branches_covered_display": "50.00"}, "missing_lines": [38], "excluded_lines": [], "start_line": 25, "executed_branches": [[34, 35]], "missing_branches": [[34, 38]]}, "": {"executed_lines": [1, 4, 12, 25, 32], "summary": {"covered_lines": 5, "num_statements": 5, "percent_covered": 100.0, "percent_covered_display": "100.00", "missing_lines": 0, "excluded_lines": 0, "percent_statements_covered": 100.0, "percent_statements_covered_display": "100.00", "num_branches": 0, "num_partial_branches": 0, "covered_branches": 0, "missing_branches": 0, "percent_branches_covered": 100.0, "percent_branches_covered_display": "100.00"}, "missing_lines": [], "excluded_lines": [], "start_line": 1, "executed_branches": [], "missing_branches": []}}}, "accounts\\serialisers.py": {"executed_lines": [1, 2, 3, 5, 8, 16, 18, 19, 20, 22, 24, 28, 29, 30, 33, 36, 37, 38, 39, 40, 41, 43, 47, 50, 53, 54, 55, 56, 59, 62, 64, 66, 69, 72, 73, 74, 78, 80, 82, 83, 84, 86, 87, 94, 99, 100, 102, 105, 106, 107], "summary": {"covered_lines": 50, "num_statements": 54, "percent_covered": 88.70967741935483, "percent_covered_display": "88.71", "missing_lines": 4, "excluded_lines": 0, "percent_statements_covered": 92.5925925925926, "percent_statements_covered_display": "92.59", "num_branches": 8, "num_partial_branches": 3, "covered_branches": 5, "missing_branches": 3, "percent_branches_covered": 62.5, "percent_branches_covered_display": "62.50"}, "missing_lines": [45, 88, 89, 103], "excluded_lines": [], "executed_branches": [[38, 39], [41, 43], [99, 100], [99, 102], [102, 105]], "missing_branches": [[38, 47], [41, 45], [102, 103]], "functions": {"RegisterSerializer.create": {"executed_lines": [24, 28, 29, 30], "summary": {"covered_lines": 4, "num_statements": 4, "percent_covered": 100.0, "percent_covered_display": "100.00", "missing_lines": 0, "excluded_lines": 0, "percent_statements_covered": 100.0, "percent_statements_covered_display": "100.00", "num_branches": 0, "num_partial_branches": 0, "covered_branches": 0, "missing_branches": 0, "percent_branches_covered": 100.0, "percent_branches_covered_display": "100.00"}, "missing_lines": [], "excluded_lines": [], "start_line": 22, "executed_branches": [], "missing_branches": []}, "CaseInsensitiveTokenObtainPairSerializer.validate": {"executed_lines": [37, 38, 39, 40, 41, 43, 47], "summary": {"covered_lines": 7, "num_statements": 8, "percent_covered": 75.0, "percent_covered_display": "75.00", "missing_lines": 1, "excluded_lines": 0, "percent_statements_covered": 87.5, "percent_statements_covered_display": "87.50", "num_branches": 4, "num_partial_branches": 2, "covered_branches": 2, "missing_branches": 2, "percent_branches_covered": 50.0, "percent_branches_covered_display": "50.00"}, "missing_lines": [45], "excluded_lines": [], "start_line": 36, "executed_branches": [[38, 39], [41, 43]], "missing_branches": [[38, 47], [41, 45]]}, "PasswordResetRequestSerializer.validate_email": {"executed_lines": [66], "summary": {"covered_lines": 1, "num_statements": 1, "percent_covered": 100.0, "percent_covered_display": "100.00", "missing_lines": 0, "excluded_lines": 0, "percent_statements_covered": 100.0, "percent_statements_covered_display": "100.00", "num_branches": 0, "num_partial_branches": 0, "covered_branches": 0, "missing_branches": 0, "percent_branches_covered": 100.0, "percent_branches_covered_display": "100.00"}, "missing_lines": [], "excluded_lines": [], "start_line": 64, "executed_branches": [], "missing_branches": []}, "PasswordResetConfirmSerializer.validate_email": {"executed_lines": [80], "summary": {"covered_lines": 1, "num_statements": 1, "percent_covered": 100.0, "percent_covered_display": "100.00", "missing_lines": 0, "excluded_lines": 0, "percent_statements_covered": 100.0, "percent_statements_covered_display": "100.00", "num_branches": 0, "num_partial_branches": 0, "covered_branches": 0, "missing_branches": 0, "percent_branches_covered": 100.0, "percent_branches_covered_display": "100.00"}, "missing_lines": [], "excluded_lines": [], "start_line": 78, "executed_branches": [], "missing_branches": []}, "PasswordResetConfirmSerializer.validate": {"executed_lines": [83, 84, 86, 87, 94, 99, 100, 102, 105, 106, 107], "summary": {"covered_lines": 11, "num_statements": 14, "percent_covered": 77.77777777777777, "percent_covered_display": "77.78", "missing_lines": 3, "excluded_lines": 0, "percent_statements_covered": 78.57142857142857, "percent_statements_covered_display": "78.57", "num_branches": 4, "num_partial_branches": 1, "covered_branches": 3, "missing_branches": 1, "percent_branches_covered": 75.0, "percent_branches_covered_display": "75.00"}, "missing_lines": [88, 89, 103], "excluded_lines": [], "start_line": 82, "executed_branches": [[99, 100], [99, 102], [102, 105]], "missing_branches": [[102, 103]]}, "": {"executed_lines": [1, 2, 3, 5, 8, 16, 18, 19, 20, 22, 33, 36, 50, 53, 54, 55, 56, 59, 62, 64, 69, 72, 73, 74, 78, 82], "summary": {"covered_lines": 26, "num_statements": 26, "percent_covered": 100.0, "percent_covered_display": "100.00", "missing_lines": 0, "excluded_lines": 0, "percent_statements_covered": 100.0, "percent_statements_covered_display": "100.00", "num_branches": 0, "num_partial_branches": 0, "covered_branches": 0, "missing_branches": 0, "percent_branches_covered": 100.0, "percent_branches_covered_display": "100.00"}, "missing_lines": [], "excluded_lines": [], "start_line": 1, "executed_branches": [], "missing_branches": []}}, "classes": {"RegisterSerializer": {"executed_lines": [24, 28, 29, 30], "summary": {"covered_lines": 4, "num_statements": 4, "percent_covered": 100.0, "percent_covered_display": "100.00", "missing_lines": 0, "excluded_lines": 0, "percent_statements_covered": 100.0, "percent_statements_covered_display": "100.00", "num_branches": 0, "num_partial_branches": 0, "covered_branches": 0, "missing_branches": 0, "percent_branches_covered": 100.0, "percent_branches_covered_display": "100.00"}, "missing_lines": [], "excluded_lines": [], "start_line": 8, "executed_branches": [], "missing_branches": []}, "RegisterSerializer.Meta": {"executed_lines": [], "summary": {"covered_lines": 0, "num_statements": 0, "percent_covered": 100.0, "percent_covered_display": "100.00", "missing_lines": 0, "excluded_lines": 0, "percent_statements_covered": 100.0, "percent_statements_covered_display": "100.00", "num_branches": 0, "num_partial_branches": 0, "covered_branches": 0, "missing_branches": 0, "percent_branches_covered": 100.0, "percent_branches_covered_display": "100.00"}, "missing_lines": [], "excluded_lines": [], "start_line": 18, "executed_branches": [], "missing_branches": []}, "CaseInsensitiveTokenObtainPairSerializer": {"executed_lines": [37, 38, 39, 40, 41, 43, 47], "summary": {"covered_lines": 7, "num_statements": 8, "percent_covered": 75.0, "percent_covered_display": "75.00", "missing_lines": 1, "excluded_lines": 0, "percent_statements_covered": 87.5, "percent_statements_covered_display": "87.50", "num_branches": 4, "num_partial_branches": 2, "covered_branches": 2, "missing_branches": 2, "percent_branches_covered": 50.0, "percent_branches_covered_display": "50.00"}, "missing_lines": [45], "excluded_lines": [], "start_line": 33, "executed_branches": [[38, 39], [41, 43]], "missing_branches": [[38, 47], [41, 45]]}, "UserSerializer": {"executed_lines": [], "summary": {"covered_lines": 0, "num_statements": 0, "percent_covered": 100.0, "percent_covered_display": "100.00", "missing_lines": 0, "excluded_lines": 0, "percent_statements_covered": 100.0, "percent_statements_covered_display": "100.00", "num_branches": 0, "num_partial_branches": 0, "covered_branches": 0, "missing_branches": 0, "percent_branches_covered": 100.0, "percent_branches_covered_display": "100.00"}, "missing_lines": [], "excluded_lines": [], "start_line": 50, "executed_branches": [], "missing_branches": []}, "UserSerializer.Meta": {"executed_lines": [], "summary": {"covered_lines": 0, "num_statements": 0, "percent_covered": 100.0, "percent_covered_display": "100.00", "missing_lines": 0, "excluded_lines": 0, "percent_statements_covered": 100.0, "percent_statements_covered_display": "100.00", "num_branches": 0, "num_partial_branches": 0, "covered_branches": 0, "missing_branches": 0, "percent_branches_covered": 100.0, "percent_branches_covered_display": "100.00"}, "missing_lines": [], "excluded_lines": [], "start_line": 53, "executed_branches": [], "missing_branches": []}, "PasswordResetRequestSerializer": {"executed_lines": [66], "summary": {"covered_lines": 1, "num_statements": 1, "percent_covered": 100.0, "percent_covered_display": "100.00", "missing_lines": 0, "excluded_lines": 0, "percent_statements_covered": 100.0, "percent_statements_covered_display": "100.00", "num_branches": 0, "num_partial_branches": 0, "covered_branches": 0, "missing_branches": 0, "percent_branches_covered": 100.0, "percent_branches_covered_display": "100.00"}, "missing_lines": [], "excluded_lines": [], "start_line": 59, "executed_branches": [], "missing_branches": []}, "PasswordResetConfirmSerializer": {"executed_lines": [80, 83, 84, 86, 87, 94, 99, 100, 102, 105, 106, 107], "summary": {"covered_lines": 12, "num_statements": 15, "percent_covered": 78.94736842105263, "percent_covered_display": "78.95", "missing_lines": 3, "excluded_lines": 0, "percent_statements_covered": 80.0, "percent_statements_covered_display": "80.00", "num_branches": 4, "num_partial_branches": 1, "covered_branches": 3, "missing_branches": 1, "percent_branches_covered": 75.0, "percent_branches_covered_display": "75.00"}, "missing_lines": [88, 89, 103], "excluded_lines": [], "start_line": 69, "executed_branches": [[99, 100], [99, 102], [102, 105]], "missing_branches": [[102, 103]]}, "": {"executed_lines": [1, 2, 3, 5, 8, 16, 18, 19, 20, 22, 33, 36, 50, 53, 54, 55, 56, 59, 62, 64, 69, 72, 73, 74, 78, 82], "summary": {"covered_lines": 26, "num_statements": 26, "percent_covered": 100.0, "percent_covered_display": "100.00", "missing_lines": 0, "excluded_lines": 0, "percent_statements_covered": 100.0, "percent_statements_covered_display": "100.00", "num_branches": 0, "num_partial_branches": 0, "covered_branches": 0, "missing_branches": 0, "percent_branches_covered": 100.0, "percent_branches_covered_display": "100.00"}, "missing_lines": [], "excluded_lines": [], "start_line": 1, "executed_branches": [], "missing_branches": []}}}, "accounts\\throttles.py": {"executed_lines": [1, 13, 16, 19, 22, 25, 28, 31, 34, 37, 40, 43, 46], "summary": {"covered_lines": 13, "num_statements": 13, "percent_covered": 100.0, "percent_covered_display": "100.00", "missing_lines": 0, "excluded_lines": 0, "percent_statements_covered": 100.0, "percent_statements_covered_display": "100.00", "num_branches": 0, "num_partial_branches": 0, "covered_branches": 0, "missing_branches": 0, "percent_branches_covered": 100.0, "percent_branches_covered_display": "100.00"}, "missing_lines": [], "excluded_lines": [], "executed_branches": [], "missing_branches": [], "functions": {"": {"executed_lines": [1, 13, 16, 19, 22, 25, 28, 31, 34, 37, 40, 43, 46], "summary": {"covered_lines": 13, "num_statements": 13, "percent_covered": 100.0, "percent_covered_display": "100.00", "missing_lines": 0, "excluded_lines": 0, "percent_statements_covered": 100.0, "percent_statements_covered_display": "100.00", "num_branches": 0, "num_partial_branches": 0, "covered_branches": 0, "missing_branches": 0, "percent_branches_covered": 100.0, "percent_branches_covered_display": "100.00"}, "missing_lines": [], "excluded_lines": [], "start_line": 1, "executed_branches": [], "missing_branches": []}}, "classes": {"LoginRateThrottle": {"executed_lines": [], "summary": {"covered_lines": 0, "num_statements": 0, "percent_covered": 100.0, "percent_covered_display": "100.00", "missing_lines": 0, "excluded_lines": 0, "percent_statements_covered": 100.0, "percent_statements_covered_display": "100.00", "num_branches": 0, "num_partial_branches": 0, "covered_branches": 0, "missing_branches": 0, "percent_branches_covered": 100.0, "percent_branches_covered_display": "100.00"}, "missing_lines": [], "excluded_lines": [], "start_line": 13, "executed_branches": [], "missing_branches": []}, "RegisterRateThrottle": {"executed_lines": [], "summary": {"covered_lines": 0, "num_statements": 0, "percent_covered": 100.0, "percent_covered_display": "100.00", "missing_lines": 0, "excluded_lines": 0, "percent_statements_covered": 100.0, "percent_statements_covered_display": "100.00", "num_branches": 0, "num_partial_branches": 0, "covered_branches": 0, "missing_branches": 0, "percent_branches_covered": 100.0, "percent_branches_covered_display": "100.00"}, "missing_lines": [], "excluded_lines": [], "start_line": 19, "executed_branches": [], "missing_branches": []}, "PasswordResetRateThrottle": {"executed_lines": [], "summary": {"covered_lines": 0, "num_statements": 0, "percent_covered": 100.0, "percent_covered_display": "100.00", "missing_lines": 0, "excluded_lines": 0, "percent_statements_covered": 100.0, "percent_statements_covered_display": "100.00", "num_branches": 0, "num_partial_branches": 0, "covered_branches": 0, "missing_branches": 0, "percent_branches_covered": 100.0, "percent_branches_covered_display": "100.00"}, "missing_lines": [], "excluded_lines": [], "start_line": 25, "executed_branches": [], "missing_branches": []}, "TokenRefreshRateThrottle": {"executed_lines": [], "summary": {"covered_lines": 0, "num_statements": 0, "percent_covered": 100.0, "percent_covered_display": "100.00", "missing_lines": 0, "excluded_lines": 0, "percent_statements_covered": 100.0, "percent_statements_covered_display": "100.00", "num_branches": 0, "num_partial_branches": 0, "covered_branches": 0, "missing_branches": 0, "percent_branches_covered": 100.0, "percent_branches_covered_display": "100.00"}, "missing_lines": [], "excluded_lines": [], "start_line": 31, "executed_branches": [], "missing_branches": []}, "InventoryWriteRateThrottle": {"executed_lines": [], "summary": {"covered_lines": 0, "num_statements": 0, "percent_covered": 100.0, "percent_covered_display": "100.00", "missing_lines": 0, "excluded_lines": 0, "percent_statements_covered": 100.0, "percent_statements_covered_display": "100.00", "num_branches": 0, "num_partial_branches": 0, "covered_branches": 0, "missing_branches": 0, "percent_branches_covered": 100.0, "percent_branches_covered_display": "100.00"}, "missing_lines": [], "excluded_lines": [], "start_line": 37, "executed_branches": [], "missing_branches": []}, "ProfileRateThrottle": {"executed_lines": [], "summary": {"covered_lines": 0, "num_statements": 0, "percent_covered": 100.0, "percent_covered_display": "100.00", "missing_lines": 0, "excluded_lines": 0, "percent_statements_covered": 100.0, "percent_statements_covered_display": "100.00", "num_branches": 0, "num_partial_branches": 0, "covered_branches": 0, "missing_branches": 0, "percent_branches_covered": 100.0, "percent_branches_covered_display": "100.00"}, "missing_lines": [], "excluded_lines": [], "start_line": 43, "executed_branches": [], "missing_branches": []}, "": {"executed_lines": [1, 13, 16, 19, 22, 25, 28, 31, 34, 37, 40, 43, 46], "summary": {"covered_lines": 13, "num_statements": 13, "percent_covered": 100.0, "percent_covered_display": "100.00", "missing_lines": 0, "excluded_lines": 0, "percent_statements_covered": 100.0, "percent_statements_covered_display": "100.00", "num_branches": 0, "num_partial_branches": 0, "covered_branches": 0, "missing_branches": 0, "percent_branches_covered": 100.0, "percent_branches_covered_display": "100.00"}, "missing_lines": [], "excluded_lines": [], "start_line": 1, "executed_branches": [], "missing_branches": []}}}, "accounts\\urls.py": {"executed_lines": [1, 3, 7], "summary": {"covered_lines": 3, "num_statements": 3, "percent_covered": 100.0, "percent_covered_display": "100.00", "missing_lines": 0, "excluded_lines": 0, "percent_statements_covered": 100.0, "percent_statements_covered_display": "100.00", "num_branches": 0, "num_partial_branches": 0, "covered_branches": 0, "missing_branches": 0, "percent_branches_covered": 100.0, "percent_branches_covered_display": "100.00"}, "missing_lines": [], "excluded_lines": [], "executed_branches": [], "missing_branches": [], "functions": {"": {"executed_lines": [1, 3, 7], "summary": {"covered_lines": 3, "num_statements": 3, "percent_covered": 100.0, "percent_covered_display": "100.00", "missing_lines": 0, "excluded_lines": 0, "percent_statements_covered": 100.0, "percent_statements_covered_display": "100.00", "num_branches": 0, "num_partial_branches": 0, "covered_branches": 0, "missing_branches": 0, "percent_branches_covered": 100.0, "percent_branches_covered_display": "100.00"}, "missing_lines": [], "excluded_lines": [], "start_line": 1, "executed_branches": [], "missing_branches": []}}, "classes": {"": {"executed_lines": [1, 3, 7], "summary": {"covered_lines": 3, "num_statements": 3, "percent_covered": 100.0, "percent_covered_display": "100.00", "missing_lines": 0, "excluded_lines": 0, "percent_statements_covered": 100.0, "percent_statements_covered_display": "100.00", "num_branches": 0, "num_partial_branches": 0, "covered_branches": 0, "missing_branches": 0, "percent_branches_covered": 100.0, "percent_branches_covered_display": "100.00"}, "missing_lines": [], "excluded_lines": [], "start_line": 1, "executed_branches": [], "missing_branches": []}}}, "accounts\\views.py": {"executed_lines": [1, 2, 4, 5, 6, 7, 8, 9, 10, 12, 20, 23, 24, 30, 33, 35, 38, 41, 42, 43, 45, 48, 51, 52, 54, 55, 56, 59, 63, 66, 69, 71, 73, 74, 75, 77, 78, 83, 84, 85, 86, 88, 128, 131, 133, 135, 136, 137, 139, 140, 141, 144, 145, 148, 149, 150, 154, 156, 157, 159], "summary": {"covered_lines": 60, "num_statements": 75, "percent_covered": 74.11764705882354, "percent_covered_display": "74.12", "missing_lines": 15, "excluded_lines": 0, "percent_statements_covered": 80.0, "percent_statements_covered_display": "80.00", "num_branches": 10, "num_partial_branches": 3, "covered_branches": 3, "missing_branches": 7, "percent_branches_covered": 30.0, "percent_branches_covered_display": "30.00"}, "missing_lines": [87, 91, 94, 95, 98, 100, 102, 108, 109, 121, 122, 123, 124, 125, 158], "excluded_lines": [], "executed_branches": [[84, 85], [86, 88], [157, 159]], "missing_branches": [[84, 91], [86, 87], [108, 109], [108, 121], [122, 123], [122, 125], [157, 158]], "functions": {"ProfileView.get": {"executed_lines": [55, 56], "summary": {"covered_lines": 2, "num_statements": 2, "percent_covered": 100.0, "percent_covered_display": "100.00", "missing_lines": 0, "excluded_lines": 0, "percent_statements_covered": 100.0, "percent_statements_covered_display": "100.00", "num_branches": 0, "num_partial_branches": 0, "covered_branches": 0, "missing_branches": 0, "percent_branches_covered": 100.0, "percent_branches_covered_display": "100.00"}, "missing_lines": [], "excluded_lines": [], "start_line": 54, "executed_branches": [], "missing_branches": []}, "PasswordResetRequestView.post": {"executed_lines": [74, 75, 77, 78, 83, 84, 85, 86, 88], "summary": {"covered_lines": 9, "num_statements": 23, "percent_covered": 35.483870967741936, "percent_covered_display": "35.48", "missing_lines": 14, "excluded_lines": 0, "percent_statements_covered": 39.130434782608695, "percent_statements_covered_display": "39.13", "num_branches": 8, "num_partial_branches": 2, "covered_branches": 2, "missing_branches": 6, "percent_branches_covered": 25.0, "percent_branches_covered_display": "25.00"}, "missing_lines": [87, 91, 94, 95, 98, 100, 102, 108, 109, 121, 122, 123, 124, 125], "excluded_lines": [], "start_line": 73, "executed_branches": [[84, 85], [86, 88]], "missing_branches": [[84, 91], [86, 87], [108, 109], [108, 121], [122, 123], [122, 125]]}, "PasswordResetConfirmView.post": {"executed_lines": [136, 137, 139, 140, 141, 144, 145, 148, 149, 150, 154, 156, 157, 159], "summary": {"covered_lines": 14, "num_statements": 15, "percent_covered": 88.23529411764706, "percent_covered_display": "88.24", "missing_lines": 1, "excluded_lines": 0, "percent_statements_covered": 93.33333333333333, "percent_statements_covered_display": "93.33", "num_branches": 2, "num_partial_branches": 1, "covered_branches": 1, "missing_branches": 1, "percent_branches_covered": 50.0, "percent_branches_covered_display": "50.00"}, "missing_lines": [158], "excluded_lines": [], "start_line": 135, "executed_branches": [[157, 159]], "missing_branches": [[157, 158]]}, "": {"executed_lines": [1, 2, 4, 5, 6, 7, 8, 9, 10, 12, 20, 23, 24, 30, 33, 35, 38, 41, 42, 43, 45, 48, 51, 52, 54, 59, 63, 66, 69, 71, 73, 128, 131, 133, 135], "summary": {"covered_lines": 35, "num_statements": 35, "percent_covered": 100.0, "percent_covered_display": "100.00", "missing_lines": 0, "excluded_lines": 0, "percent_statements_covered": 100.0, "percent_statements_covered_display": "100.00", "num_branches": 0, "num_partial_branches": 0, "covered_branches": 0, "missing_branches": 0, "percent_branches_covered": 100.0, "percent_branches_covered_display": "100.00"}, "missing_lines": [], "excluded_lines": [], "start_line": 1, "executed_branches": [], "missing_branches": []}}, "classes": {"CaseInsensitiveTokenObtainPairView": {"executed_lines": [], "summary": {"covered_lines": 0, "num_statements": 0, "percent_covered": 100.0, "percent_covered_display": "100.00", "missing_lines": 0, "excluded_lines": 0, "percent_statements_covered": 100.0, "percent_statements_covered_display": "100.00", "num_branches": 0, "num_partial_branches": 0, "covered_branches": 0, "missing_branches": 0, "percent_branches_covered": 100.0, "percent_branches_covered_display": "100.00"}, "missing_lines": [], "excluded_lines": [], "start_line": 30, "executed_branches": [], "missing_branches": []}, "RegisterView": {"executed_lines": [], "summary": {"covered_lines": 0, "num_statements": 0, "percent_covered": 100.0, "percent_covered_display": "100.00", "missing_lines": 0, "excluded_lines": 0, "percent_statements_covered": 100.0, "percent_statements_covered_display": "100.00", "num_branches": 0, "num_partial_branches": 0, "covered_branches": 0, "missing_branches": 0, "percent_branches_covered": 100.0, "percent_branches_covered_display": "100.00"}, "missing_lines": [], "excluded_lines": [], "start_line": 38, "executed_branches": [], "missing_branches": []}, "ProfileView": {"executed_lines": [55, 56], "summary": {"covered_lines": 2, "num_statements": 2, "percent_covered": 100.0, "percent_covered_display": "100.00", "missing_lines": 0, "excluded_lines": 0, "percent_statements_covered": 100.0, "percent_statements_covered_display": "100.00", "num_branches": 0, "num_partial_branches": 0, "covered_branches": 0, "missing_branches": 0, "percent_branches_covered": 100.0, "percent_branches_covered_display": "100.00"}, "missing_lines": [], "excluded_lines": [], "start_line": 48, "executed_branches": [], "missing_branches": []}, "ThrottledTokenRefreshView": {"executed_lines": [], "summary": {"covered_lines": 0, "num_statements": 0, "percent_covered": 100.0, "percent_covered_display": "100.00", "missing_lines": 0, "excluded_lines": 0, "percent_statements_covered": 100.0, "percent_statements_covered_display": "100.00", "num_branches": 0, "num_partial_branches": 0, "covered_branches": 0, "missing_branches": 0, "percent_branches_covered": 100.0, "percent_branches_covered_display": "100.00"}, "missing_lines": [], "excluded_lines": [], "start_line": 59, "executed_branches": [], "missing_branches": []}, "PasswordResetRequestView": {"executed_lines": [74, 75, 77, 78, 83, 84, 85, 86, 88], "summary": {"covered_lines": 9, "num_statements": 23, "percent_covered": 35.483870967741936, "percent_covered_display": "35.48", "missing_lines": 14, "excluded_lines": 0, "percent_statements_covered": 39.130434782608695, "percent_statements_covered_display": "39.13", "num_branches": 8, "num_partial_branches": 2, "covered_branches": 2, "missing_branches": 6, "percent_branches_covered": 25.0, "percent_branches_covered_display": "25.00"}, "missing_lines": [87, 91, 94, 95, 98, 100, 102, 108, 109, 121, 122, 123, 124, 125], "excluded_lines": [], "start_line": 66, "executed_branches": [[84, 85], [86, 88]], "missing_branches": [[84, 91], [86, 87], [108, 109], [108, 121], [122, 123], [122, 125]]}, "PasswordResetConfirmView": {"executed_lines": [136, 137, 139, 140, 141, 144, 145, 148, 149, 150, 154, 156, 157, 159], "summary": {"covered_lines": 14, "num_statements": 15, "percent_covered": 88.23529411764706, "percent_covered_display": "88.24", "missing_lines": 1, "excluded_lines": 0, "percent_statements_covered": 93.33333333333333, "percent_statements_covered_display": "93.33", "num_branches": 2, "num_partial_branches": 1, "covered_branches": 1, "missing_branches": 1, "percent_branches_covered": 50.0, "percent_branches_covered_display": "50.00"}, "missing_lines": [158], "excluded_lines": [], "start_line": 128, "executed_branches": [[157, 159]], "missing_branches": [[157, 158]]}, "": {"executed_lines": [1, 2, 4, 5, 6, 7, 8, 9, 10, 12, 20, 23, 24, 30, 33, 35, 38, 41, 42, 43, 45, 48, 51, 52, 54, 59, 63, 66, 69, 71, 73, 128, 131, 133, 135], "summary": {"covered_lines": 35, "num_statements": 35, "percent_covered": 100.0, "percent_covered_display": "100.00", "missing_lines": 0, "excluded_lines": 0, "percent_statements_covered": 100.0, "percent_statements_covered_display": "100.00", "num_branches": 0, "num_partial_branches": 0, "covered_branches": 0, "missing_branches": 0, "percent_branches_covered": 100.0, "percent_branches_covered_display": "100.00"}, "missing_lines": [], "excluded_lines": [], "start_line": 1, "executed_branches": [], "missing_branches": []}}}, "inventory\\__init__.py": {"executed_lines": [], "summary": {"covered_lines": 0, "num_statements": 0, "percent_covered": 100.0, "percent_covered_display": "100.00", "missing_lines": 0, "excluded_lines": 0, "percent_statements_covered": 100.0, "percent_statements_covered_display": "100.00", "num_branches": 0, "num_partial_branches": 0, "covered_branches": 0, "missing_branches": 0, "percent_branches_covered": 100.0, "percent_branches_covered_display": "100.00"}, "missing_lines": [], "excluded_lines": [], "executed_branches": [], "missing_branches": [], "functions": {"": {"executed_lines": [], "summary": {"covered_lines": 0, "num_statements": 0, "percent_covered": 100.0, "percent_covered_display": "100.00", "missing_lines": 0, "excluded_lines": 0, "percent_statements_covered": 100.0, "percent_statements_covered_display": "100.00", "num_branches": 0, "num_partial_branches": 0, "covered_branches": 0, "missing_branches": 0, "percent_branches_covered": 100.0, "percent_branches_covered_display": "100.00"}, "missing_lines": [], "excluded_lines": [], "start_line": 1, "executed_branches": [], "missing_branches": []}}, "classes": {"": {"executed_lines": [], "summary": {"covered_lines": 0, "num_statements": 0, "percent_covered": 100.0, "percent_covered_display": "100.00", "missing_lines": 0, "excluded_lines": 0, "percent_statements_covered": 100.0, "percent_statements_covered_display": "100.00", "num_branches": 0, "num_partial_branches": 0, "covered_branches": 0, "missing_branches": 0, "percent_branches_covered": 100.0, "percent_branches_covered_display": "100.00"}, "missing_lines": [], "excluded_lines": [], "start_line": 1, "executed_branches": [], "missing_branches": []}}}, "inventory\\admin.py": {"executed_lines": [1, 3, 6, 7, 8, 16, 17, 18, 20, 32], "summary": {"covered_lines": 10, "num_statements": 11, "percent_covered": 90.9090909090909, "percent_covered_display": "90.91", "missing_lines": 1, "excluded_lines": 0, "percent_statements_covered": 90.9090909090909, "percent_statements_covered_display": "90.91", "num_branches": 0, "num_partial_branches": 0, "covered_branches": 0, "missing_branches": 0, "percent_branches_covered": 100.0, "percent_branches_covered_display": "100.00"}, "missing_lines": [33], "excluded_lines": [], "executed_branches": [], "missing_branches": [], "functions": {"InventoryItemAdmin.get_queryset": {"executed_lines": [], "summary": {"covered_lines": 0, "num_statements": 1, "percent_covered": 0.0, "percent_covered_display": "0.00", "missing_lines": 1, "excluded_lines": 0, "percent_statements_covered": 0.0, "percent_statements_covered_display": "0.00", "num_branches": 0, "num_partial_branches": 0, "covered_branches": 0, "missing_branches": 0, "percent_branches_covered": 100.0, "percent_branches_covered_display": "100.00"}, "missing_lines": [33], "excluded_lines": [], "start_line": 32, "executed_branches": [], "missing_branches": []}, "": {"executed_lines": [1, 3, 6, 7, 8, 16, 17, 18, 20, 32], "summary": {"covered_lines": 10, "num_statements": 10, "percent_covered": 100.0, "percent_covered_display": "100.00", "missing_lines": 0, "excluded_lines": 0, "percent_statements_covered": 100.0, "percent_statements_covered_display": "100.00", "num_branches": 0, "num_partial_branches": 0, "covered_branches": 0, "missing_branches": 0, "percent_branches_covered": 100.0, "percent_branches_covered_display": "100.00"}, "missing_lines": [], "excluded_lines": [], "start_line": 1, "executed_branches": [], "missing_branches": []}}, "classes": {"InventoryItemAdmin": {"executed_lines": [], "summary": {"covered_lines": 0, "num_statements": 1, "percent_covered": 0.0, "percent_covered_display": "0.00", "missing_lines": 1, "excluded_lines": 0, "percent_statements_covered": 0.0, "percent_statements_covered_display": "0.00", "num_branches": 0, "num_partial_branches": 0, "covered_branches": 0, "missing_branches": 0, "percent_branches_covered": 100.0, "percent_branches_covered_display": "100.00"}, "missing_lines": [33], "excluded_lines": [], "start_line": 7, "executed_branches": [], "missing_branches": []}, "": {"executed_lines": [1, 3, 6, 7, 8, 16, 17, 18, 20, 32], "summary": {"covered_lines": 10, "num_statements": 10, "percent_covered": 100.0, "percent_covered_display": "100.00", "missing_lines": 0, "excluded_lines": 0, "percent_statements_covered": 100.0, "percent_statements_covered_display": "100.00", "num_branches": 0, "num_partial_branches": 0, "covered_branches": 0, "missing_branches": 0, "percent_branches_covered": 100.0, "percent_branches_covered_display": "100.00"}, "missing_lines": [], "excluded_lines": [], "start_line": 1, "executed_branches": [], "missing_branches": []}}}, "inventory\\apps.py": {"executed_lines": [1, 4, 5, 6, 8, 10], "summary": {"covered_lines": 6, "num_statements": 6, "percent_covered": 100.0, "percent_covered_display": "100.00", "missing_lines": 0, "excluded_lines": 0, "percent_statements_covered": 100.0, "percent_statements_covered_display": "100.00", "num_branches": 0, "num_partial_branches": 0, "covered_branches": 0, "missing_branches": 0, "percent_branches_covered": 100.0, "percent_branches_covered_display": "100.00"}, "missing_lines": [], "excluded_lines": [], "executed_branches": [], "missing_branches": [], "functions": {"InventoryConfig.ready": {"executed_lines": [10], "summary": {"covered_lines": 1, "num_statements": 1, "percent_covered": 100.0, "percent_covered_display": "100.00", "missing_lines": 0, "excluded_lines": 0, "percent_statements_covered": 100.0, "percent_statements_covered_display": "100.00", "num_branches": 0, "num_partial_branches": 0, "covered_branches": 0, "missing_branches": 0, "percent_branches_covered": 100.0, "percent_branches_covered_display": "100.00"}, "missing_lines": [], "excluded_lines": [], "start_line": 8, "executed_branches": [], "missing_branches": []}, "": {"executed_lines": [1, 4, 5, 6, 8], "summary": {"covered_lines": 5, "num_statements": 5, "percent_covered": 100.0, "percent_covered_display": "100.00", "missing_lines": 0, "excluded_lines": 0, "percent_statements_covered": 100.0, "percent_statements_covered_display": "100.00", "num_branches": 0, "num_partial_branches": 0, "covered_branches": 0, "missing_branches": 0, "percent_branches_covered": 100.0, "percent_branches_covered_display": "100.00"}, "missing_lines": [], "excluded_lines": [], "start_line": 1, "executed_branches": [], "missing_branches": []}}, "classes": {"InventoryConfig": {"executed_lines": [10], "summary": {"covered_lines": 1, "num_statements": 1, "percent_covered": 100.0, "percent_covered_display": "100.00", "missing_lines": 0, "excluded_lines": 0, "percent_statements_covered": 100.0, "percent_statements_covered_display": "100.00", "num_branches": 0, "num_partial_branches": 0, "covered_branches": 0, "missing_branches": 0, "percent_branches_covered": 100.0, "percent_branches_covered_display": "100.00"}, "missing_lines": [], "excluded_lines": [], "start_line": 4, "executed_branches": [], "missing_branches": []}, "": {"executed_lines": [1, 4, 5, 6, 8], "summary": {"covered_lines": 5, "num_statements": 5, "percent_covered": 100.0, "percent_covered_display": "100.00", "missing_lines": 0, "excluded_lines": 0, "percent_statements_covered": 100.0, "percent_statements_covered_display": "100.00", "num_branches": 0, "num_partial_branches": 0, "covered_branches": 0, "missing_branches": 0, "percent_branches_covered": 100.0, "percent_branches_covered_display": "100.00"}, "missing_lines": [], "excluded_lines": [], "start_line": 1, "executed_branches": [], "missing_branches": []}}}, "inventory\\models.py": {"executed_lines": [1, 2, 5, 11, 12, 13, 15, 21, 22, 23, 26, 29, 30, 33, 39, 40, 41, 42, 43, 45, 46, 49, 51, 52, 53, 54, 55, 57, 58, 61, 63], "summary": {"covered_lines": 31, "num_statements": 32, "percent_covered": 97.22222222222223, "percent_covered_display": "97.22", "missing_lines": 1, "excluded_lines": 0, "percent_statements_covered": 96.875, "percent_statements_covered_display": "96.88", "num_branches": 4, "num_partial_branches": 0, "covered_branches": 4, "missing_branches": 0, "percent_branches_covered": 100.0, "percent_branches_covered_display": "100.00"}, "missing_lines": [64], "excluded_lines": [], "executed_branches": [[51, 52], [51, 53], [53, 54], [53, 55]], "missing_branches": [], "functions": {"InventoryItem.stock_status": {"executed_lines": [49, 51, 52, 53, 54, 55], "summary": {"covered_lines": 6, "num_statements": 6, "percent_covered": 100.0, "percent_covered_display": "100.00", "missing_lines": 0, "excluded_lines": 0, "percent_statements_covered": 100.0, "percent_statements_covered_display": "100.00", "num_branches": 4, "num_partial_branches": 0, "covered_branches": 4, "missing_branches": 0, "percent_branches_covered": 100.0, "percent_branches_covered_display": "100.00"}, "missing_lines": [], "excluded_lines": [], "start_line": 46, "executed_branches": [[51, 52], [51, 53], [53, 54], [53, 55]], "missing_branches": []}, "InventoryItem.status": {"executed_lines": [61], "summary": {"covered_lines": 1, "num_statements": 1, "percent_covered": 100.0, "percent_covered_display": "100.00", "missing_lines": 0, "excluded_lines": 0, "percent_statements_covered": 100.0, "percent_statements_covered_display": "100.00", "num_branches": 0, "num_partial_branches": 0, "covered_branches": 0, "missing_branches": 0, "percent_branches_covered": 100.0, "percent_branches_covered_display": "100.00"}, "missing_lines": [], "excluded_lines": [], "start_line": 58, "executed_branches": [], "missing_branches": []}, "InventoryItem.__str__": {"executed_lines": [], "summary": {"covered_lines": 0, "num_statements": 1, "percent_covered": 0.0, "percent_covered_display": "0.00", "missing_lines": 1, "excluded_lines": 0, "percent_statements_covered": 0.0, "percent_statements_covered_display": "0.00", "num_branches": 0, "num_partial_branches": 0, "covered_branches": 0, "missing_branches": 0, "percent_branches_covered": 100.0, "percent_branches_covered_display": "100.00"}, "missing_lines": [64], "excluded_lines": [], "start_line": 63, "executed_branches": [], "missing_branches": []}, "": {"executed_lines": [1, 2, 5, 11, 12, 13, 15, 21, 22, 23, 26, 29, 30, 33, 39, 40, 41, 42, 43, 45, 46, 57, 58, 63], "summary": {"covered_lines": 24, "num_statements": 24, "percent_covered": 100.0, "percent_covered_display": "100.00", "missing_lines": 0, "excluded_lines": 0, "percent_statements_covered": 100.0, "percent_statements_covered_display": "100.00", "num_branches": 0, "num_partial_branches": 0, "covered_branches": 0, "missing_branches": 0, "percent_branches_covered": 100.0, "percent_branches_covered_display": "100.00"}, "missing_lines": [], "excluded_lines": [], "start_line": 1, "executed_branches": [], "missing_branches": []}}, "classes": {"InventoryItem": {"executed_lines": [49, 51, 52, 53, 54, 55, 61], "summary": {"covered_lines": 7, "num_statements": 8, "percent_covered": 91.66666666666667, "percent_covered_display": "91.67", "missing_lines": 1, "excluded_lines": 0, "percent_statements_covered": 87.5, "percent_statements_covered_display": "87.50", "num_branches": 4, "num_partial_branches": 0, "covered_branches": 4, "missing_branches": 0, "percent_branches_covered": 100.0, "percent_branches_covered_display": "100.00"}, "missing_lines": [64], "excluded_lines": [], "start_line": 5, "executed_branches": [[51, 52], [51, 53], [53, 54], [53, 55]], "missing_branches": []}, "InventoryItem.Meta": {"executed_lines": [], "summary": {"covered_lines": 0, "num_statements": 0, "percent_covered": 100.0, "percent_covered_display": "100.00", "missing_lines": 0, "excluded_lines": 0, "percent_statements_covered": 100.0, "percent_statements_covered_display": "100.00", "num_branches": 0, "num_partial_branches": 0, "covered_branches": 0, "missing_branches": 0, "percent_branches_covered": 100.0, "percent_branches_covered_display": "100.00"}, "missing_lines": [], "excluded_lines": [], "start_line": 39, "executed_branches": [], "missing_branches": []}, "": {"executed_lines": [1, 2, 5, 11, 12, 13, 15, 21, 22, 23, 26, 29, 30, 33, 39, 40, 41, 42, 43, 45, 46, 57, 58, 63], "summary": {"covered_lines": 24, "num_statements": 24, "percent_covered": 100.0, "percent_covered_display": "100.00", "missing_lines": 0, "excluded_lines": 0, "percent_statements_covered": 100.0, "percent_statements_covered_display": "100.00", "num_branches": 0, "num_partial_branches": 0, "covered_branches": 0, "missing_branches": 0, "percent_branches_covered": 100.0, "percent_branches_covered_display": "100.00"}, "missing_lines": [], "excluded_lines": [], "start_line": 1, "executed_branches": [], "missing_branches": []}}}, "inventory\\serialisers.py": {"executed_lines": [1, 3, 6, 16, 19, 21, 22, 23, 34, 36, 44, 47, 48, 50, 51, 52, 63], "summary": {"covered_lines": 17, "num_statements": 21, "percent_covered": 73.91304347826087, "percent_covered_display": "73.91", "missing_lines": 4, "excluded_lines": 0, "percent_statements_covered": 80.95238095238095, "percent_statements_covered_display": "80.95", "num_branches": 2, "num_partial_branches": 0, "covered_branches": 0, "missing_branches": 2, "percent_branches_covered": 0.0, "percent_branches_covered_display": "0.00"}, "missing_lines": [38, 39, 40, 41], "excluded_lines": [], "executed_branches": [], "missing_branches": [[39, 40], [39, 41]], "functions": {"InventoryItemSerializer.create": {"executed_lines": [], "summary": {"covered_lines": 0, "num_statements": 4, "percent_covered": 0.0, "percent_covered_display": "0.00", "missing_lines": 4, "excluded_lines": 0, "percent_statements_covered": 0.0, "percent_statements_covered_display": "0.00", "num_branches": 2, "num_partial_branches": 0, "covered_branches": 0, "missing_branches": 2, "percent_branches_covered": 0.0, "percent_branches_covered_display": "0.00"}, "missing_lines": [38, 39, 40, 41], "excluded_lines": [], "start_line": 36, "executed_branches": [], "missing_branches": [[39, 40], [39, 41]]}, "": {"executed_lines": [1, 3, 6, 16, 19, 21, 22, 23, 34, 36, 44, 47, 48, 50, 51, 52, 63], "summary": {"covered_lines": 17, "num_statements": 17, "percent_covered": 100.0, "percent_covered_display": "100.00", "missing_lines": 0, "excluded_lines": 0, "percent_statements_covered": 100.0, "percent_statements_covered_display": "100.00", "num_branches": 0, "num_partial_branches": 0, "covered_branches": 0, "missing_branches": 0, "percent_branches_covered": 100.0, "percent_branches_covered_display": "100.00"}, "missing_lines": [], "excluded_lines": [], "start_line": 1, "executed_branches": [], "missing_branches": []}}, "classes": {"InventoryItemSerializer": {"executed_lines": [], "summary": {"covered_lines": 0, "num_statements": 4, "percent_covered": 0.0, "percent_covered_display": "0.00", "missing_lines": 4, "excluded_lines": 0, "percent_statements_covered": 0.0, "percent_statements_covered_display": "0.00", "num_branches": 2, "num_partial_branches": 0, "covered_branches": 0, "missing_branches": 2, "percent_branches_covered": 0.0, "percent_branches_covered_display": "0.00"}, "missing_lines": [38, 39, 40, 41], "excluded_lines": [], "start_line": 6, "executed_branches": [], "missing_branches": [[39, 40], [39, 41]]}, "InventoryItemSerializer.Meta": {"executed_lines": [], "summary": {"covered_lines": 0, "num_statements": 0, "percent_covered": 100.0, "percent_covered_display": "100.00", "missing_lines": 0, "excluded_lines": 0, "percent_statements_covered": 100.0, "percent_statements_covered_display": "100.00", "num_branches": 0, "num_partial_branches": 0, "covered_branches": 0, "missing_branches": 0, "percent_branches_covered": 100.0, "percent_branches_covered_display": "100.00"}, "missing_lines": [], "excluded_lines": [], "start_line": 21, "executed_branches": [], "missing_branches": []}, "InventoryItemUpdateSerializer": {"executed_lines": [], "summary": {"covered_lines": 0, "num_statements": 0, "percent_covered": 100.0, "percent_covered_display": "100.00", "missing_lines": 0, "excluded_lines": 0, "percent_statements_covered": 100.0, "percent_statements_covered_display": "100.00", "num_branches": 0, "num_partial_branches": 0, "covered_branches": 0, "missing_branches": 0, "percent_branches_covered": 100.0, "percent_branches_covered_display": "100.00"}, "missing_lines": [], "excluded_lines": [], "start_line": 44, "executed_branches": [], "missing_branches": []}, "InventoryItemUpdateSerializer.Meta": {"executed_lines": [], "summary": {"covered_lines": 0, "num_statements": 0, "percent_covered": 100.0, "percent_covered_display": "100.00", "missing_lines": 0, "excluded_lines": 0, "percent_statements_covered": 100.0, "percent_statements_covered_display": "100.00", "num_branches": 0, "num_partial_branches": 0, "covered_branches": 0, "missing_branches": 0, "percent_branches_covered": 100.0, "percent_branches_covered_display": "100.00"}, "missing_lines": [], "excluded_lines": [], "start_line": 50, "executed_branches": [], "missing_branches": []}, "": {"executed_lines": [1, 3, 6, 16, 19, 21, 22, 23, 34, 36, 44, 47, 48, 50, 51, 52, 63], "summary": {"covered_lines": 17, "num_statements": 17, "percent_covered": 100.0, "percent_covered_display": "100.00", "missing_lines": 0, "excluded_lines": 0, "percent_statements_covered": 100.0, "percent_statements_covered_display": "100.00", "num_branches": 0, "num_partial_branches": 0, "covered_branches": 0, "missing_branches": 0, "percent_branches_covered": 100.0, "percent_branches_covered_display": "100.00"}, "missing_lines": [], "excluded_lines": [], "start_line": 1, "executed_branches": [], "missing_branches": []}}}, "inventory\\services.py": {"executed_lines": [1, 2, 3, 5, 8, 11, 12, 15, 25, 29, 32, 35, 38, 41, 42, 44, 45, 47, 50, 68, 69, 71, 72, 76, 77, 79, 88, 92, 95, 96, 97, 98, 102, 103, 104, 108, 111, 113, 114, 116, 117, 120, 124, 127, 128], "summary": {"covered_lines": 45, "num_statements": 54, "percent_covered": 80.55555555555556, "percent_covered_display": "80.56", "missing_lines": 9, "excluded_lines": 0, "percent_statements_covered": 83.33333333333333, "percent_statements_covered_display": "83.33", "num_branches": 18, "num_partial_branches": 5, "covered_branches": 13, "missing_branches": 5, "percent_branches_covered": 72.22222222222223, "percent_branches_covered_display": "72.22"}, "missing_lines": [26, 43, 73, 74, 93, 105, 106, 109, 125], "excluded_lines": [], "executed_branches": [[25, 29], [68, 69], [68, 71], [76, 77], [76, 79], [92, 95], [97, 98], [97, 102], [102, 103], [108, 111], [113, 114], [113, 116], [124, 127]], "missing_branches": [[25, 26], [92, 93], [102, 113], [108, 109], [124, 125]], "functions": {"_is_admin_user": {"executed_lines": [11, 12], "summary": {"covered_lines": 2, "num_statements": 2, "percent_covered": 100.0, "percent_covered_display": "100.00", "missing_lines": 0, "excluded_lines": 0, "percent_statements_covered": 100.0, "percent_statements_covered_display": "100.00", "num_branches": 0, "num_partial_branches": 0, "covered_branches": 0, "missing_branches": 0, "percent_branches_covered": 100.0, "percent_branches_covered_display": "100.00"}, "missing_lines": [], "excluded_lines": [], "start_line": 8, "executed_branches": [], "missing_branches": []}, "search_inventory_items": {"executed_lines": [25, 29, 32, 35, 38, 41, 42, 44, 45, 47], "summary": {"covered_lines": 10, "num_statements": 12, "percent_covered": 78.57142857142857, "percent_covered_display": "78.57", "missing_lines": 2, "excluded_lines": 0, "percent_statements_covered": 83.33333333333333, "percent_statements_covered_display": "83.33", "num_branches": 2, "num_partial_branches": 1, "covered_branches": 1, "missing_branches": 1, "percent_branches_covered": 50.0, "percent_branches_covered_display": "50.00"}, "missing_lines": [26, 43], "excluded_lines": [], "start_line": 15, "executed_branches": [[25, 29]], "missing_branches": [[25, 26]]}, "create_inventory_item": {"executed_lines": [68, 69, 71, 72, 76, 77, 79], "summary": {"covered_lines": 7, "num_statements": 9, "percent_covered": 84.61538461538461, "percent_covered_display": "84.62", "missing_lines": 2, "excluded_lines": 0, "percent_statements_covered": 77.77777777777777, "percent_statements_covered_display": "77.78", "num_branches": 4, "num_partial_branches": 0, "covered_branches": 4, "missing_branches": 0, "percent_branches_covered": 100.0, "percent_branches_covered_display": "100.00"}, "missing_lines": [73, 74], "excluded_lines": [], "start_line": 50, "executed_branches": [[68, 69], [68, 71], [76, 77], [76, 79]], "missing_branches": []}, "update_inventory_item": {"executed_lines": [92, 95, 96, 97, 98, 102, 103, 104, 108, 111, 113, 114, 116, 117], "summary": {"covered_lines": 14, "num_statements": 18, "percent_covered": 75.0, "percent_covered_display": "75.00", "missing_lines": 4, "excluded_lines": 0, "percent_statements_covered": 77.77777777777777, "percent_statements_covered_display": "77.78", "num_branches": 10, "num_partial_branches": 3, "covered_branches": 7, "missing_branches": 3, "percent_branches_covered": 70.0, "percent_branches_covered_display": "70.00"}, "missing_lines": [93, 105, 106, 109], "excluded_lines": [], "start_line": 88, "executed_branches": [[92, 95], [97, 98], [97, 102], [102, 103], [108, 111], [113, 114], [113, 116]], "missing_branches": [[92, 93], [102, 113], [108, 109]]}, "delete_inventory_item": {"executed_lines": [124, 127, 128], "summary": {"covered_lines": 3, "num_statements": 4, "percent_covered": 66.66666666666667, "percent_covered_display": "66.67", "missing_lines": 1, "excluded_lines": 0, "percent_statements_covered": 75.0, "percent_statements_covered_display": "75.00", "num_branches": 2, "num_partial_branches": 1, "covered_branches": 1, "missing_branches": 1, "percent_branches_covered": 50.0, "percent_branches_covered_display": "50.00"}, "missing_lines": [125], "excluded_lines": [], "start_line": 120, "executed_branches": [[124, 127]], "missing_branches": [[124, 125]]}, "": {"executed_lines": [1, 2, 3, 5, 8, 15, 50, 88, 120], "summary": {"covered_lines": 9, "num_statements": 9, "percent_covered": 100.0, "percent_covered_display": "100.00", "missing_lines": 0, "excluded_lines": 0, "percent_statements_covered": 100.0, "percent_statements_covered_display": "100.00", "num_branches": 0, "num_partial_branches": 0, "covered_branches": 0, "missing_branches": 0, "percent_branches_covered": 100.0, "percent_branches_covered_display": "100.00"}, "missing_lines": [], "excluded_lines": [], "start_line": 1, "executed_branches": [], "missing_branches": []}}, "classes": {"": {"executed_lines": [1, 2, 3, 5, 8, 11, 12, 15, 25, 29, 32, 35, 38, 41, 42, 44, 45, 47, 50, 68, 69, 71, 72, 76, 77, 79, 88, 92, 95, 96, 97, 98, 102, 103, 104, 108, 111, 113, 114, 116, 117, 120, 124, 127, 128], "summary": {"covered_lines": 45, "num_statements": 54, "percent_covered": 80.55555555555556, "percent_covered_display": "80.56", "missing_lines": 9, "excluded_lines": 0, "percent_statements_covered": 83.33333333333333, "percent_statements_covered_display": "83.33", "num_branches": 18, "num_partial_branches": 5, "covered_branches": 13, "missing_branches": 5, "percent_branches_covered": 72.22222222222223, "percent_branches_covered_display": "72.22"}, "missing_lines": [26, 43, 73, 74, 93, 105, 106, 109, 125], "excluded_lines": [], "start_line": 1, "executed_branches": [[25, 29], [68, 69], [68, 71], [76, 77], [76, 79], [92, 95], [97, 98], [97, 102], [102, 103], [108, 111], [113, 114], [113, 116], [124, 127]], "missing_branches": [[25, 26], [92, 93], [102, 113], [108, 109], [124, 125]]}}}, "inventory\\signals.py": {"executed_lines": [1, 2, 4, 5, 6, 8, 10, 12, 15, 18, 31, 32, 35, 36, 37, 38, 40, 41, 42, 43, 49, 50, 58, 59, 61, 62, 67, 69, 70, 73, 77, 79, 80, 83, 91, 92, 95, 96, 97], "summary": {"covered_lines": 39, "num_statements": 43, "percent_covered": 88.23529411764706, "percent_covered_display": "88.24", "missing_lines": 4, "excluded_lines": 0, "percent_statements_covered": 90.69767441860465, "percent_statements_covered_display": "90.70", "num_branches": 8, "num_partial_branches": 2, "covered_branches": 6, "missing_branches": 2, "percent_branches_covered": 75.0, "percent_branches_covered_display": "75.00"}, "missing_lines": [44, 45, 46, 81], "excluded_lines": [], "executed_branches": [[35, 36], [35, 40], [61, 62], [61, 69], [73, 77], [80, 83]], "missing_branches": [[73, 79], [80, 81]], "functions": {"_serialize_item": {"executed_lines": [18], "summary": {"covered_lines": 1, "num_statements": 1, "percent_covered": 100.0, "percent_covered_display": "100.00", "missing_lines": 0, "excluded_lines": 0, "percent_statements_covered": 100.0, "percent_statements_covered_display": "100.00", "num_branches": 0, "num_partial_branches": 0, "covered_branches": 0, "missing_branches": 0, "percent_branches_covered": 100.0, "percent_branches_covered_display": "100.00"}, "missing_lines": [], "excluded_lines": [], "start_line": 15, "executed_branches": [], "missing_branches": []}, "cache_previous_stock_status": {"executed_lines": [35, 36, 37, 38, 40, 41, 42, 43], "summary": {"covered_lines": 8, "num_statements": 11, "percent_covered": 76.92307692307692, "percent_covered_display": "76.92", "missing_lines": 3, "excluded_lines": 0, "percent_statements_covered": 72.72727272727273, "percent_statements_covered_display": "72.73", "num_branches": 2, "num_partial_branches": 0, "covered_branches": 2, "missing_branches": 0, "percent_branches_covered": 100.0, "percent_branches_covered_display": "100.00"}, "missing_lines": [44, 45, 46], "excluded_lines": [], "start_line": 32, "executed_branches": [[35, 36], [35, 40]], "missing_branches": []}, "notify_low_stock_on_status_change": {"executed_lines": [58, 59, 61, 62, 67, 69, 70, 73, 77, 79, 80, 83], "summary": {"covered_lines": 12, "num_statements": 13, "percent_covered": 84.21052631578948, "percent_covered_display": "84.21", "missing_lines": 1, "excluded_lines": 0, "percent_statements_covered": 92.3076923076923, "percent_statements_covered_display": "92.31", "num_branches": 6, "num_partial_branches": 2, "covered_branches": 4, "missing_branches": 2, "percent_branches_covered": 66.66666666666667, "percent_branches_covered_display": "66.67"}, "missing_lines": [81], "excluded_lines": [], "start_line": 50, "executed_branches": [[61, 62], [61, 69], [73, 77], [80, 83]], "missing_branches": [[73, 79], [80, 81]]}, "log_inventory_item_deletion": {"executed_lines": [95, 96, 97], "summary": {"covered_lines": 3, "num_statements": 3, "percent_covered": 100.0, "percent_covered_display": "100.00", "missing_lines": 0, "excluded_lines": 0, "percent_statements_covered": 100.0, "percent_statements_covered_display": "100.00", "num_branches": 0, "num_partial_branches": 0, "covered_branches": 0, "missing_branches": 0, "percent_branches_covered": 100.0, "percent_branches_covered_display": "100.00"}, "missing_lines": [], "excluded_lines": [], "start_line": 92, "executed_branches": [], "missing_branches": []}, "": {"executed_lines": [1, 2, 4, 5, 6, 8, 10, 12, 15, 31, 32, 49, 50, 91, 92], "summary": {"covered_lines": 15, "num_statements": 15, "percent_covered": 100.0, "percent_covered_display": "100.00", "missing_lines": 0, "excluded_lines": 0, "percent_statements_covered": 100.0, "percent_statements_covered_display": "100.00", "num_branches": 0, "num_partial_branches": 0, "covered_branches": 0, "missing_branches": 0, "percent_branches_covered": 100.0, "percent_branches_covered_display": "100.00"}, "missing_lines": [], "excluded_lines": [], "start_line": 1, "executed_branches": [], "missing_branches": []}}, "classes": {"": {"executed_lines": [1, 2, 4, 5, 6, 8, 10, 12, 15, 18, 31, 32, 35, 36, 37, 38, 40, 41, 42, 43, 49, 50, 58, 59, 61, 62, 67, 69, 70, 73, 77, 79, 80, 83, 91, 92, 95, 96, 97], "summary": {"covered_lines": 39, "num_statements": 43, "percent_covered": 88.23529411764706, "percent_covered_display": "88.24", "missing_lines": 4, "excluded_lines": 0, "percent_statements_covered": 90.69767441860465, "percent_statements_covered_display": "90.70", "num_branches": 8, "num_partial_branches": 2, "covered_branches": 6, "missing_branches": 2, "percent_branches_covered": 75.0, "percent_branches_covered_display": "75.00"}, "missing_lines": [44, 45, 46, 81], "excluded_lines": [], "start_line": 1, "executed_branches": [[35, 36], [35, 40], [61, 62], [61, 69], [73, 77], [80, 83]], "missing_branches": [[73, 79], [80, 81]]}}}, "inventory\\urls.py": {"executed_lines": [1, 3, 5, 6, 9], "summary": {"covered_lines": 5, "num_statements": 5, "percent_covered": 100.0, "percent_covered_display": "100.00", "missing_lines": 0, "excluded_lines": 0, "percent_statements_covered": 100.0, "percent_statements_covered_display": "100.00", "num_branches": 0, "num_partial_branches": 0, "covered_branches": 0, "missing_branches": 0, "percent_branches_covered": 100.0, "percent_branches_covered_display": "100.00"}, "missing_lines": [], "excluded_lines": [], "executed_branches": [], "missing_branches": [], "functions": {"": {"executed_lines": [1, 3, 5, 6, 9], "summary": {"covered_lines": 5, "num_statements": 5, "percent_covered": 100.0, "percent_covered_display": "100.00", "missing_lines": 0, "excluded_lines": 0, "percent_statements_covered": 100.0, "percent_statements_covered_display": "100.00", "num_branches": 0, "num_partial_branches": 0, "covered_branches": 0, "missing_branches": 0, "percent_branches_covered": 100.0, "percent_branches_covered_display": "100.00"}, "missing_lines": [], "excluded_lines": [], "start_line": 1, "executed_branches": [], "missing_branches": []}}, "classes": {"": {"executed_lines": [1, 3, 5, 6, 9], "summary": {"covered_lines": 5, "num_statements": 5, "percent_covered": 100.0, "percent_covered_display": "100.00", "missing_lines": 0, "excluded_lines": 0, "percent_statements_covered": 100.0, "percent_statements_covered_display": "100.00", "num_branches": 0, "num_partial_branches": 0, "covered_branches": 0, "missing_branches": 0, "percent_branches_covered": 100.0, "percent_branches_covered_display": "100.00"}, "missing_lines": [], "excluded_lines": [], "start_line": 1, "executed_branches": [], "missing_branches": []}}}, "inventory\\views.py": {"executed_lines": [1, 2, 3, 4, 6, 7, 9, 10, 11, 15, 16, 17, 19, 20, 21, 22, 24, 26, 27, 29, 31, 34, 35, 36, 38, 40, 41, 49, 50, 63, 64, 67, 68, 69, 71, 73, 75, 78, 79, 83, 85, 87, 89, 90, 91, 98, 126, 128, 129, 130, 132, 133, 138, 142], "summary": {"covered_lines": 54, "num_statements": 80, "percent_covered": 68.08510638297872, "percent_covered_display": "68.09", "missing_lines": 26, "excluded_lines": 0, "percent_statements_covered": 67.5, "percent_statements_covered_display": "67.50", "num_branches": 14, "num_partial_branches": 4, "covered_branches": 10, "missing_branches": 4, "percent_branches_covered": 71.42857142857143, "percent_branches_covered_display": "71.43"}, "missing_lines": [52, 53, 57, 58, 72, 74, 76, 80, 81, 92, 93, 100, 101, 102, 104, 105, 110, 114, 115, 116, 120, 121, 143, 144, 148, 149], "excluded_lines": [], "executed_branches": [[20, 21], [20, 22], [26, 27], [26, 29], [34, 35], [34, 36], [71, 73], [73, 75], [75, 78], [79, 83]], "missing_branches": [[71, 72], [73, 74], [75, 76], [79, 80]], "functions": {"InventoryItemViewSet.get_serializer_class": {"executed_lines": [20, 21, 22], "summary": {"covered_lines": 3, "num_statements": 3, "percent_covered": 100.0, "percent_covered_display": "100.00", "missing_lines": 0, "excluded_lines": 0, "percent_statements_covered": 100.0, "percent_statements_covered_display": "100.00", "num_branches": 2, "num_partial_branches": 0, "covered_branches": 2, "missing_branches": 0, "percent_branches_covered": 100.0, "percent_branches_covered_display": "100.00"}, "missing_lines": [], "excluded_lines": [], "start_line": 19, "executed_branches": [[20, 21], [20, 22]], "missing_branches": []}, "InventoryItemViewSet.get_permissions": {"executed_lines": [26, 27, 29], "summary": {"covered_lines": 3, "num_statements": 3, "percent_covered": 100.0, "percent_covered_display": "100.00", "missing_lines": 0, "excluded_lines": 0, "percent_statements_covered": 100.0, "percent_statements_covered_display": "100.00", "num_branches": 2, "num_partial_branches": 0, "covered_branches": 2, "missing_branches": 0, "percent_branches_covered": 100.0, "percent_branches_covered_display": "100.00"}, "missing_lines": [], "excluded_lines": [], "start_line": 24, "executed_branches": [[26, 27], [26, 29]], "missing_branches": []}, "InventoryItemViewSet.get_throttles": {"executed_lines": [34, 35, 36], "summary": {"covered_lines": 3, "num_statements": 3, "percent_covered": 100.0, "percent_covered_display": "100.00", "missing_lines": 0, "excluded_lines": 0, "percent_statements_covered": 100.0, "percent_statements_covered_display": "100.00", "num_branches": 2, "num_partial_branches": 0, "covered_branches": 2, "missing_branches": 0, "percent_branches_covered": 100.0, "percent_branches_covered_display": "100.00"}, "missing_lines": [], "excluded_lines": [], "start_line": 31, "executed_branches": [[34, 35], [34, 36]], "missing_branches": []}, "InventoryItemViewSet.create": {"executed_lines": [40, 41, 49, 50], "summary": {"covered_lines": 4, "num_statements": 8, "percent_covered": 50.0, "percent_covered_display": "50.00", "missing_lines": 4, "excluded_lines": 0, "percent_statements_covered": 50.0, "percent_statements_covered_display": "50.00", "num_branches": 0, "num_partial_branches": 0, "covered_branches": 0, "missing_branches": 0, "percent_branches_covered": 100.0, "percent_branches_covered_display": "100.00"}, "missing_lines": [52, 53, 57, 58], "excluded_lines": [], "start_line": 38, "executed_branches": [], "missing_branches": []}, "InventoryItemViewSet.get_queryset": {"executed_lines": [64, 67, 68, 69, 71, 73, 75, 78, 79, 83], "summary": {"covered_lines": 10, "num_statements": 15, "percent_covered": 60.869565217391305, "percent_covered_display": "60.87", "missing_lines": 5, "excluded_lines": 0, "percent_statements_covered": 66.66666666666667, "percent_statements_covered_display": "66.67", "num_branches": 8, "num_partial_branches": 4, "covered_branches": 4, "missing_branches": 4, "percent_branches_covered": 50.0, "percent_branches_covered_display": "50.00"}, "missing_lines": [72, 74, 76, 80, 81], "excluded_lines": [], "start_line": 63, "executed_branches": [[71, 73], [73, 75], [75, 78], [79, 83]], "missing_branches": [[71, 72], [73, 74], [75, 76], [79, 80]]}, "InventoryItemViewSet.destroy": {"executed_lines": [87, 89, 90, 91], "summary": {"covered_lines": 4, "num_statements": 6, "percent_covered": 66.66666666666667, "percent_covered_display": "66.67", "missing_lines": 2, "excluded_lines": 0, "percent_statements_covered": 66.66666666666667, "percent_statements_covered_display": "66.67", "num_branches": 0, "num_partial_branches": 0, "covered_branches": 0, "missing_branches": 0, "percent_branches_covered": 100.0, "percent_branches_covered_display": "100.00"}, "missing_lines": [92, 93], "excluded_lines": [], "start_line": 85, "executed_branches": [], "missing_branches": []}, "InventoryItemViewSet.update": {"executed_lines": [], "summary": {"covered_lines": 0, "num_statements": 11, "percent_covered": 0.0, "percent_covered_display": "0.00", "missing_lines": 11, "excluded_lines": 0, "percent_statements_covered": 0.0, "percent_statements_covered_display": "0.00", "num_branches": 0, "num_partial_branches": 0, "covered_branches": 0, "missing_branches": 0, "percent_branches_covered": 100.0, "percent_branches_covered_display": "100.00"}, "missing_lines": [100, 101, 102, 104, 105, 110, 114, 115, 116, 120, 121], "excluded_lines": [], "start_line": 98, "executed_branches": [], "missing_branches": []}, "InventoryItemViewSet.partial_update": {"executed_lines": [128, 129, 130, 132, 133, 138, 142], "summary": {"covered_lines": 7, "num_statements": 11, "percent_covered": 63.63636363636363, "percent_covered_display": "63.64", "missing_lines": 4, "excluded_lines": 0, "percent_statements_covered": 63.63636363636363, "percent_statements_covered_display": "63.64", "num_branches": 0, "num_partial_branches": 0, "covered_branches": 0, "missing_branches": 0, "percent_branches_covered": 100.0, "percent_branches_covered_display": "100.00"}, "missing_lines": [143, 144, 148, 149], "excluded_lines": [], "start_line": 126, "executed_branches": [], "missing_branches": []}, "": {"executed_lines": [1, 2, 3, 4, 6, 7, 9, 10, 11, 15, 16, 17, 19, 24, 31, 38, 63, 85, 98, 126], "summary": {"covered_lines": 20, "num_statements": 20, "percent_covered": 100.0, "percent_covered_display": "100.00", "missing_lines": 0, "excluded_lines": 0, "percent_statements_covered": 100.0, "percent_statements_covered_display": "100.00", "num_branches": 0, "num_partial_branches": 0, "covered_branches": 0, "missing_branches": 0, "percent_branches_covered": 100.0, "percent_branches_covered_display": "100.00"}, "missing_lines": [], "excluded_lines": [], "start_line": 1, "executed_branches": [], "missing_branches": []}}, "classes": {"InventoryItemViewSet": {"executed_lines": [20, 21, 22, 26, 27, 29, 34, 35, 36, 40, 41, 49, 50, 64, 67, 68, 69, 71, 73, 75, 78, 79, 83, 87, 89, 90, 91, 128, 129, 130, 132, 133, 138, 142], "summary": {"covered_lines": 34, "num_statements": 60, "percent_covered": 59.45945945945946, "percent_covered_display": "59.46", "missing_lines": 26, "excluded_lines": 0, "percent_statements_covered": 56.666666666666664, "percent_statements_covered_display": "56.67", "num_branches": 14, "num_partial_branches": 4, "covered_branches": 10, "missing_branches": 4, "percent_branches_covered": 71.42857142857143, "percent_branches_covered_display": "71.43"}, "missing_lines": [52, 53, 57, 58, 72, 74, 76, 80, 81, 92, 93, 100, 101, 102, 104, 105, 110, 114, 115, 116, 120, 121, 143, 144, 148, 149], "excluded_lines": [], "start_line": 15, "executed_branches": [[20, 21], [20, 22], [26, 27], [26, 29], [34, 35], [34, 36], [71, 73], [73, 75], [75, 78], [79, 83]], "missing_branches": [[71, 72], [73, 74], [75, 76], [79, 80]]}, "": {"executed_lines": [1, 2, 3, 4, 6, 7, 9, 10, 11, 15, 16, 17, 19, 24, 31, 38, 63, 85, 98, 126], "summary": {"covered_lines": 20, "num_statements": 20, "percent_covered": 100.0, "percent_covered_display": "100.00", "missing_lines": 0, "excluded_lines": 0, "percent_statements_covered": 100.0, "percent_statements_covered_display": "100.00", "num_branches": 0, "num_partial_branches": 0, "covered_branches": 0, "missing_branches": 0, "percent_branches_covered": 100.0, "percent_branches_covered_display": "100.00"}, "missing_lines": [], "excluded_lines": [], "start_line": 1, "executed_branches": [], "missing_branches": []}}}, "notifications\\__init__.py": {"executed_lines": [], "summary": {"covered_lines": 0, "num_statements": 0, "percent_covered": 100.0, "percent_covered_display": "100.00", "missing_lines": 0, "excluded_lines": 0, "percent_statements_covered": 100.0, "percent_statements_covered_display": "100.00", "num_branches": 0, "num_partial_branches": 0, "covered_branches": 0, "missing_branches": 0, "percent_branches_covered": 100.0, "percent_branches_covered_display": "100.00"}, "missing_lines": [], "excluded_lines": [], "executed_branches": [], "missing_branches": [], "functions": {"": {"executed_lines": [], "summary": {"covered_lines": 0, "num_statements": 0, "percent_covered": 100.0, "percent_covered_display": "100.00", "missing_lines": 0, "excluded_lines": 0, "percent_statements_covered": 100.0, "percent_statements_covered_display": "100.00", "num_branches": 0, "num_partial_branches": 0, "covered_branches": 0, "missing_branches": 0, "percent_branches_covered": 100.0, "percent_branches_covered_display": "100.00"}, "missing_lines": [], "excluded_lines": [], "start_line": 1, "executed_branches": [], "missing_branches": []}}, "classes": {"": {"executed_lines": [], "summary": {"covered_lines": 0, "num_statements": 0, "percent_covered": 100.0, "percent_covered_display": "100.00", "missing_lines": 0, "excluded_lines": 0, "percent_statements_covered": 100.0, "percent_statements_covered_display": "100.00", "num_branches": 0, "num_partial_branches": 0, "covered_branches": 0, "missing_branches": 0, "percent_branches_covered": 100.0, "percent_branches_covered_display": "100.00"}, "missing_lines": [], "excluded_lines": [], "start_line": 1, "executed_branches": [], "missing_branches": []}}}, "notifications\\email_service.py": {"executed_lines": [7, 8, 10, 11, 12, 13, 14, 16, 17, 20, 22, 25, 44, 51, 54, 56, 63, 64, 65, 68, 69, 76, 79, 86, 112, 115, 116, 119, 121, 122, 123, 124, 130, 131, 139, 148, 154, 157, 171, 230, 233, 255, 257, 260, 269, 270, 271, 279, 286, 294, 296, 302, 304, 310, 312], "summary": {"covered_lines": 55, "num_statements": 81, "percent_covered": 67.03296703296704, "percent_covered_display": "67.03", "missing_lines": 26, "excluded_lines": 0, "percent_statements_covered": 67.90123456790124, "percent_statements_covered_display": "67.90", "num_branches": 10, "num_partial_branches": 2, "covered_branches": 6, "missing_branches": 4, "percent_branches_covered": 60.0, "percent_branches_covered_display": "60.00"}, "missing_lines": [45, 49, 57, 60, 81, 82, 83, 91, 92, 95, 97, 98, 99, 100, 105, 106, 107, 108, 109, 132, 133, 136, 281, 282, 283, 288], "excluded_lines": [], "executed_branches": [[44, 51], [56, 63], [68, 69], [68, 76], [115, 116], [115, 121]], "missing_branches": [[44, 45], [56, 57], [91, 92], [91, 97]], "functions": {"_get_setting": {"executed_lines": [22], "summary": {"covered_lines": 1, "num_statements": 1, "percent_covered": 100.0, "percent_covered_display": "100.00", "missing_lines": 0, "excluded_lines": 0, "percent_statements_covered": 100.0, "percent_statements_covered_display": "100.00", "num_branches": 0, "num_partial_branches": 0, "covered_branches": 0, "missing_branches": 0, "percent_branches_covered": 100.0, "percent_branches_covered_display": "100.00"}, "missing_lines": [], "excluded_lines": [], "start_line": 20, "executed_branches": [], "missing_branches": []}, "send_low_stock_alert_email": {"executed_lines": [44, 51, 54, 56, 63, 64, 65, 68, 69, 76, 79], "summary": {"covered_lines": 11, "num_statements": 18, "percent_covered": 62.5, "percent_covered_display": "62.50", "missing_lines": 7, "excluded_lines": 0, "percent_statements_covered": 61.111111111111114, "percent_statements_covered_display": "61.11", "num_branches": 6, "num_partial_branches": 2, "covered_branches": 4, "missing_branches": 2, "percent_branches_covered": 66.66666666666667, "percent_branches_covered_display": "66.67"}, "missing_lines": [45, 49, 57, 60, 81, 82, 83], "excluded_lines": [], "start_line": 25, "executed_branches": [[44, 51], [56, 63], [68, 69], [68, 76]], "missing_branches": [[44, 45], [56, 57]]}, "send_password_reset_code_email": {"executed_lines": [], "summary": {"covered_lines": 0, "num_statements": 12, "percent_covered": 0.0, "percent_covered_display": "0.00", "missing_lines": 12, "excluded_lines": 0, "percent_statements_covered": 0.0, "percent_statements_covered_display": "0.00", "num_branches": 2, "num_partial_branches": 0, "covered_branches": 0, "missing_branches": 2, "percent_branches_covered": 0.0, "percent_branches_covered_display": "0.00"}, "missing_lines": [91, 92, 95, 97, 98, 99, 100, 105, 106, 107, 108, 109], "excluded_lines": [], "start_line": 86, "executed_branches": [], "missing_branches": [[91, 92], [91, 97]]}, "send_password_reset_success_email": {"executed_lines": [115, 116, 119, 121, 122, 123, 124, 130, 131], "summary": {"covered_lines": 9, "num_statements": 12, "percent_covered": 78.57142857142857, "percent_covered_display": "78.57", "missing_lines": 3, "excluded_lines": 0, "percent_statements_covered": 75.0, "percent_statements_covered_display": "75.00", "num_branches": 2, "num_partial_branches": 0, "covered_branches": 2, "missing_branches": 0, "percent_branches_covered": 100.0, "percent_branches_covered_display": "100.00"}, "missing_lines": [132, 133, 136], "excluded_lines": [], "start_line": 112, "executed_branches": [[115, 116], [115, 121]], "missing_branches": []}, "_get_admin_emails": {"executed_lines": [148, 154], "summary": {"covered_lines": 2, "num_statements": 2, "percent_covered": 100.0, "percent_covered_display": "100.00", "missing_lines": 0, "excluded_lines": 0, "percent_statements_covered": 100.0, "percent_statements_covered_display": "100.00", "num_branches": 0, "num_partial_branches": 0, "covered_branches": 0, "missing_branches": 0, "percent_branches_covered": 100.0, "percent_branches_covered_display": "100.00"}, "missing_lines": [], "excluded_lines": [], "start_line": 139, "executed_branches": [], "missing_branches": []}, "_generate_low_stock_email_html": {"executed_lines": [171, 230], "summary": {"covered_lines": 2, "num_statements": 2, "percent_covered": 100.0, "percent_covered_display": "100.00", "missing_lines": 0, "excluded_lines": 0, "percent_statements_covered": 100.0, "percent_statements_covered_display": "100.00", "num_branches": 0, "num_partial_branches": 0, "covered_branches": 0, "missing_branches": 0, "percent_branches_covered": 100.0, "percent_branches_covered_display": "100.00"}, "missing_lines": [], "excluded_lines": [], "start_line": 157, "executed_branches": [], "missing_branches": []}, "_send_email_via_sendgrid": {"executed_lines": [255, 257, 260, 269, 270, 271, 279], "summary": {"covered_lines": 7, "num_statements": 10, "percent_covered": 70.0, "percent_covered_display": "70.00", "missing_lines": 3, "excluded_lines": 0, "percent_statements_covered": 70.0, "percent_statements_covered_display": "70.00", "num_branches": 0, "num_partial_branches": 0, "covered_branches": 0, "missing_branches": 0, "percent_branches_covered": 100.0, "percent_branches_covered_display": "100.00"}, "missing_lines": [281, 282, 283], "excluded_lines": [], "start_line": 233, "executed_branches": [], "missing_branches": []}, "_generate_password_reset_email_html": {"executed_lines": [], "summary": {"covered_lines": 0, "num_statements": 1, "percent_covered": 0.0, "percent_covered_display": "0.00", "missing_lines": 1, "excluded_lines": 0, "percent_statements_covered": 0.0, "percent_statements_covered_display": "0.00", "num_branches": 0, "num_partial_branches": 0, "covered_branches": 0, "missing_branches": 0, "percent_branches_covered": 100.0, "percent_branches_covered_display": "100.00"}, "missing_lines": [288], "excluded_lines": [], "start_line": 286, "executed_branches": [], "missing_branches": []}, "_generate_password_reset_success_email_html": {"executed_lines": [296], "summary": {"covered_lines": 1, "num_statements": 1, "percent_covered": 100.0, "percent_covered_display": "100.00", "missing_lines": 0, "excluded_lines": 0, "percent_statements_covered": 100.0, "percent_statements_covered_display": "100.00", "num_branches": 0, "num_partial_branches": 0, "covered_branches": 0, "missing_branches": 0, "percent_branches_covered": 100.0, "percent_branches_covered_display": "100.00"}, "missing_lines": [], "excluded_lines": [], "start_line": 294, "executed_branches": [], "missing_branches": []}, "_generate_password_reset_success_email_text": {"executed_lines": [304], "summary": {"covered_lines": 1, "num_statements": 1, "percent_covered": 100.0, "percent_covered_display": "100.00", "missing_lines": 0, "excluded_lines": 0, "percent_statements_covered": 100.0, "percent_statements_covered_display": "100.00", "num_branches": 0, "num_partial_branches": 0, "covered_branches": 0, "missing_branches": 0, "percent_branches_covered": 100.0, "percent_branches_covered_display": "100.00"}, "missing_lines": [], "excluded_lines": [], "start_line": 302, "executed_branches": [], "missing_branches": []}, "_generate_low_stock_email_text": {"executed_lines": [312], "summary": {"covered_lines": 1, "num_statements": 1, "percent_covered": 100.0, "percent_covered_display": "100.00", "missing_lines": 0, "excluded_lines": 0, "percent_statements_covered": 100.0, "percent_statements_covered_display": "100.00", "num_branches": 0, "num_partial_branches": 0, "covered_branches": 0, "missing_branches": 0, "percent_branches_covered": 100.0, "percent_branches_covered_display": "100.00"}, "missing_lines": [], "excluded_lines": [], "start_line": 310, "executed_branches": [], "missing_branches": []}, "": {"executed_lines": [7, 8, 10, 11, 12, 13, 14, 16, 17, 20, 25, 86, 112, 139, 157, 233, 286, 294, 302, 310], "summary": {"covered_lines": 20, "num_statements": 20, "percent_covered": 100.0, "percent_covered_display": "100.00", "missing_lines": 0, "excluded_lines": 0, "percent_statements_covered": 100.0, "percent_statements_covered_display": "100.00", "num_branches": 0, "num_partial_branches": 0, "covered_branches": 0, "missing_branches": 0, "percent_branches_covered": 100.0, "percent_branches_covered_display": "100.00"}, "missing_lines": [], "excluded_lines": [], "start_line": 1, "executed_branches": [], "missing_branches": []}}, "classes": {"": {"executed_lines": [7, 8, 10, 11, 12, 13, 14, 16, 17, 20, 22, 25, 44, 51, 54, 56, 63, 64, 65, 68, 69, 76, 79, 86, 112, 115, 116, 119, 121, 122, 123, 124, 130, 131, 139, 148, 154, 157, 171, 230, 233, 255, 257, 260, 269, 270, 271, 279, 286, 294, 296, 302, 304, 310, 312], "summary": {"covered_lines": 55, "num_statements": 81, "percent_covered": 67.03296703296704, "percent_covered_display": "67.03", "missing_lines": 26, "excluded_lines": 0, "percent_statements_covered": 67.90123456790124, "percent_statements_covered_display": "67.90", "num_branches": 10, "num_partial_branches": 2, "covered_branches": 6, "missing_branches": 4, "percent_branches_covered": 60.0, "percent_branches_covered_display": "60.00"}, "missing_lines": [45, 49, 57, 60, 81, 82, 83, 91, 92, 95, 97, 98, 99, 100, 105, 106, 107, 108, 109, 132, 133, 136, 281, 282, 283, 288], "excluded_lines": [], "start_line": 1, "executed_branches": [[44, 51], [56, 63], [68, 69], [68, 76], [115, 116], [115, 121]], "missing_branches": [[44, 45], [56, 57], [91, 92], [91, 97]]}}}, "notifications\\utils.py": {"executed_lines": [], "summary": {"covered_lines": 0, "num_statements": 0, "percent_covered": 100.0, "percent_covered_display": "100.00", "missing_lines": 0, "excluded_lines": 0, "percent_statements_covered": 100.0, "percent_statements_covered_display": "100.00", "num_branches": 0, "num_partial_branches": 0, "covered_branches": 0, "missing_branches": 0, "percent_branches_covered": 100.0, "percent_branches_covered_display": "100.00"}, "missing_lines": [], "excluded_lines": [], "executed_branches": [], "missing_branches": [], "functions": {"": {"executed_lines": [], "summary": {"covered_lines": 0, "num_statements": 0, "percent_covered": 100.0, "percent_covered_display": "100.00", "missing_lines": 0, "excluded_lines": 0, "percent_statements_covered": 100.0, "percent_statements_covered_display": "100.00", "num_branches": 0, "num_partial_branches": 0, "covered_branches": 0, "missing_branches": 0, "percent_branches_covered": 100.0, "percent_branches_covered_display": "100.00"}, "missing_lines": [], "excluded_lines": [], "start_line": 1, "executed_branches": [], "missing_branches": []}}, "classes": {"": {"executed_lines": [], "summary": {"covered_lines": 0, "num_statements": 0, "percent_covered": 100.0, "percent_covered_display": "100.00", "missing_lines": 0, "excluded_lines": 0, "percent_statements_covered": 100.0, "percent_statements_covered_display": "100.00", "num_branches": 0, "num_partial_branches": 0, "covered_branches": 0, "missing_branches": 0, "percent_branches_covered": 100.0, "percent_branches_covered_display": "100.00"}, "missing_lines": [], "excluded_lines": [], "start_line": 1, "executed_branches": [], "missing_branches": []}}}}, "totals": {"covered_lines": 431, "num_statements": 524, "percent_covered": 79.86798679867987, "percent_covered_display": "79.87", "missing_lines": 93, "excluded_lines": 0, "percent_statements_covered": 82.25190839694656, "percent_statements_covered_display": "82.25", "num_branches": 82, "num_partial_branches": 21, "covered_branches": 53, "missing_branches": 29, "percent_branches_covered": 64.63414634146342, "percent_branches_covered_display": "64.63"}}